<?xml version="1.0" encoding="UTF-8"?>
<testng-results ignored="0" total="1" passed="0" failed="1" skipped="0">
  <reporter-output>
  </reporter-output>
  <suite started-at="2025-06-15T17:30:50 IST" name="Default suite" finished-at="2025-06-15T17:31:00 IST" duration-ms="10863">
    <groups>
      <group name="cucumber">
        <method signature="AbstractTestNGCucumberTests.runScenario(io.cucumber.testng.PickleWrapper,io.cucumber.testng.FeatureWrapper)[pri:0, instance:testrunner.TestRunner@7b205dbd]" name="runScenario" class="io.cucumber.testng.AbstractTestNGCucumberTests"/>
      </group> <!-- cucumber -->
    </groups>
    <test started-at="2025-06-15T17:30:50 IST" name="Default test" finished-at="2025-06-15T17:31:00 IST" duration-ms="10863">
      <class name="testrunner.TestRunner">
        <test-method is-config="true" signature="setUpClass(org.testng.ITestContext)[pri:0, instance:testrunner.TestRunner@7b205dbd]" started-at="2025-06-15T17:30:50 IST" name="setUpClass" finished-at="2025-06-15T17:30:51 IST" duration-ms="1374" status="PASS">
          <params>
            <param index="0">
              <value>
                <![CDATA[org.testng.TestRunner@748d2277]]>
              </value>
            </param>
          </params>
          <reporter-output>
          </reporter-output>
        </test-method> <!-- setUpClass -->
        <test-method signature="runScenario(io.cucumber.testng.PickleWrapper,io.cucumber.testng.FeatureWrapper)[pri:0, instance:testrunner.TestRunner@7b205dbd]" started-at="2025-06-15T17:30:51 IST" name="runScenario" description="Runs Cucumber Scenarios" data-provider="scenarios" finished-at="2025-06-15T17:31:00 IST" duration-ms="9179" status="FAIL">
          <params>
            <param index="0">
              <value>
                <![CDATA["Fill out and submit the simple form"]]>
              </value>
            </param>
            <param index="1">
              <value>
                <![CDATA["Simple Form Submission"]]>
              </value>
            </param>
          </params>
          <exception class="java.lang.AssertionError">
            <full-stacktrace>
              <![CDATA[java.lang.AssertionError
at stepdefinitions.SimpleFormStep.verifySubmission(SimpleFormStep.java:55)
at âœ½.I should see the form submitted successfully(file:///C:/Users/Shree/Documents/SeleniumTesting/Simpleformproject/src/test/resources/features/SimpleForm.feature:11)
]]>
            </full-stacktrace>
          </exception> <!-- java.lang.AssertionError -->
          <reporter-output>
          </reporter-output>
        </test-method> <!-- runScenario -->
        <test-method is-config="true" signature="tearDownClass()[pri:0, instance:testrunner.TestRunner@7b205dbd]" started-at="2025-06-15T17:31:00 IST" name="tearDownClass" finished-at="2025-06-15T17:31:00 IST" duration-ms="102" status="PASS">
          <reporter-output>
          </reporter-output>
        </test-method> <!-- tearDownClass -->
      </class> <!-- testrunner.TestRunner -->
    </test> <!-- Default test -->
  </suite> <!-- Default suite -->
</testng-results>
