<?xml version="1.0" encoding="UTF-8"?>
<!-- Generated by org.testng.reporters.JUnitReportReporter -->
<testsuite hostname="DESKTOP-L9361S2" failures="1" tests="1" name="testrunner.TestRunner" time="9.179" errors="0" timestamp="2025-06-15T17:31:01 IST" skipped="0">
  <testcase classname="testrunner.TestRunner" name="runScenario" time="9.179">
    <failure type="java.lang.AssertionError">
      <![CDATA[java.lang.AssertionError
at stepdefinitions.SimpleFormStep.verifySubmission(SimpleFormStep.java:55)
at âœ½.I should see the form submitted successfully(file:///C:/Users/Shree/Documents/SeleniumTesting/Simpleformproject/src/test/resources/features/SimpleForm.feature:11)
]]>
    </failure>
  </testcase> <!-- runScenario -->
</testsuite> <!-- testrunner.TestRunner -->
